  [1m[36m (79.7ms)[0m  [1mCREATE TABLE "schema_migrations" ("version" varchar NOT NULL) [0m
  [1m[35m (0.2ms)[0m  select sqlite_version(*)
  [1m[36m (73.8ms)[0m  [1mCREATE UNIQUE INDEX "unique_schema_migrations" ON "schema_migrations" ("version")[0m
  [1m[35mActiveRecord::SchemaMigration Load (0.3ms)[0m  SELECT "schema_migrations".* FROM "schema_migrations"
Migrating to CreateDomains (20160226130435)
  [1m[36m (0.2ms)[0m  [1mbegin transaction[0m
  [1m[35m (0.7ms)[0m  CREATE TABLE "domains" ("id" INTEGER PRIMARY KEY AUTOINCREMENT NOT NULL, "url" text, "created_at" datetime NOT NULL, "updated_at" datetime NOT NULL) 
  [1m[36mSQL (0.3ms)[0m  [1mINSERT INTO "schema_migrations" ("version") VALUES (?)[0m  [["version", "20160226130435"]]
  [1m[35m (74.1ms)[0m  commit transaction
  [1m[36mActiveRecord::SchemaMigration Load (0.2ms)[0m  [1mSELECT "schema_migrations".* FROM "schema_migrations"[0m
  [1m[36m (53.0ms)[0m  [1mDROP TABLE "domains"[0m
  [1m[35m (49.5ms)[0m  CREATE TABLE "domains" ("id" INTEGER PRIMARY KEY AUTOINCREMENT NOT NULL, "url" text, "created_at" datetime NOT NULL, "updated_at" datetime NOT NULL) 
  [1m[36m (0.3ms)[0m  [1mSELECT version FROM "schema_migrations"[0m
  [1m[35m (68.5ms)[0m  CREATE TABLE "domains" ("id" INTEGER PRIMARY KEY AUTOINCREMENT NOT NULL, "url" text, "created_at" datetime NOT NULL, "updated_at" datetime NOT NULL) 
  [1m[36m (76.1ms)[0m  [1mCREATE TABLE "schema_migrations" ("version" varchar NOT NULL) [0m
  [1m[35m (0.1ms)[0m  select sqlite_version(*)
  [1m[36m (74.8ms)[0m  [1mCREATE UNIQUE INDEX "unique_schema_migrations" ON "schema_migrations" ("version")[0m
  [1m[35m (0.3ms)[0m  SELECT version FROM "schema_migrations"
  [1m[36m (55.2ms)[0m  [1mINSERT INTO "schema_migrations" (version) VALUES ('20160226130435')[0m
  [1m[35mActiveRecord::SchemaMigration Load (0.2ms)[0m  SELECT "schema_migrations".* FROM "schema_migrations"


Started GET "/" for 127.0.0.1 at 2016-02-26 15:58:21 +0200
  [1m[36mActiveRecord::SchemaMigration Load (0.5ms)[0m  [1mSELECT "schema_migrations".* FROM "schema_migrations"[0m
Processing by Rails::WelcomeController#index as HTML
  Rendered /home/alik/.rvm/gems/ruby-2.2.2/gems/railties-4.2.0/lib/rails/templates/rails/welcome/index.html.erb (9.0ms)
Completed 200 OK in 50ms (Views: 49.6ms | ActiveRecord: 0.0ms)


Started GET "/domains" for 127.0.0.1 at 2016-02-26 15:58:46 +0200
Processing by DomainsController#index as HTML
  [1m[35mDomain Load (0.4ms)[0m  SELECT "domains".* FROM "domains"
Completed 200 OK in 25ms (Views: 18.4ms | ActiveRecord: 1.3ms)


Started GET "/domains" for 127.0.0.1 at 2016-02-26 16:01:34 +0200
Processing by DomainsController#index as */*
  [1m[36mDomain Load (0.4ms)[0m  [1mSELECT "domains".* FROM "domains"[0m
Completed 200 OK in 3ms (Views: 2.3ms | ActiveRecord: 0.4ms)


Started POST "/domains" for 127.0.0.1 at 2016-02-26 16:08:20 +0200
Processing by DomainsController#create as */*
  Parameters: {"url"=>"https://www.gcn.ua"}
Completed 400 Bad Request in 20877ms

ActionController::ParameterMissing (param is missing or the value is empty: domain):
  app/controllers/domains_controller.rb:57:in `domain_params'
  app/controllers/domains_controller.rb:21:in `create'


  Rendered /home/alik/.rvm/gems/ruby-2.2.2/gems/actionpack-4.2.0/lib/action_dispatch/middleware/templates/rescues/_source.erb (79.5ms)
  Rendered /home/alik/.rvm/gems/ruby-2.2.2/gems/actionpack-4.2.0/lib/action_dispatch/middleware/templates/rescues/_trace.html.erb (22.9ms)
  Rendered /home/alik/.rvm/gems/ruby-2.2.2/gems/actionpack-4.2.0/lib/action_dispatch/middleware/templates/rescues/_request_and_response.html.erb (5.1ms)
  Rendered /home/alik/.rvm/gems/ruby-2.2.2/gems/actionpack-4.2.0/lib/action_dispatch/middleware/templates/rescues/diagnostics.html.erb within rescues/layout (152.2ms)


Started POST "/domains" for 127.0.0.1 at 2016-02-26 16:09:36 +0200
Processing by DomainsController#create as */*
  Parameters: {"domain"=>"{url=https://www.gcn.ua}"}
Completed 500 Internal Server Error in 7393ms

NoMethodError (undefined method `permit' for "{url=https://www.gcn.ua}":String):
  app/controllers/domains_controller.rb:57:in `domain_params'
  app/controllers/domains_controller.rb:21:in `create'


  Rendered /home/alik/.rvm/gems/ruby-2.2.2/gems/actionpack-4.2.0/lib/action_dispatch/middleware/templates/rescues/_source.erb (60.4ms)
  Rendered /home/alik/.rvm/gems/ruby-2.2.2/gems/actionpack-4.2.0/lib/action_dispatch/middleware/templates/rescues/_trace.html.erb (17.9ms)
  Rendered /home/alik/.rvm/gems/ruby-2.2.2/gems/actionpack-4.2.0/lib/action_dispatch/middleware/templates/rescues/_request_and_response.html.erb (3.8ms)
  Rendered /home/alik/.rvm/gems/ruby-2.2.2/gems/actionpack-4.2.0/lib/action_dispatch/middleware/templates/rescues/diagnostics.html.erb within rescues/layout (108.1ms)


Started POST "/domains" for 127.0.0.1 at 2016-02-26 16:10:06 +0200
Processing by DomainsController#create as */*
  Parameters: {"domain"=>"{url=https://www.gcn.ua}"}
Completed 500 Internal Server Error in 405304ms

NoMethodError (undefined method `permit' for "{url=https://www.gcn.ua}":String):
  app/controllers/domains_controller.rb:57:in `domain_params'
  app/controllers/domains_controller.rb:21:in `create'


  Rendered /home/alik/.rvm/gems/ruby-2.2.2/gems/actionpack-4.2.0/lib/action_dispatch/middleware/templates/rescues/_source.erb (60.6ms)
  Rendered /home/alik/.rvm/gems/ruby-2.2.2/gems/actionpack-4.2.0/lib/action_dispatch/middleware/templates/rescues/_trace.html.erb (19.3ms)
  Rendered /home/alik/.rvm/gems/ruby-2.2.2/gems/actionpack-4.2.0/lib/action_dispatch/middleware/templates/rescues/_request_and_response.html.erb (4.0ms)
  Rendered /home/alik/.rvm/gems/ruby-2.2.2/gems/actionpack-4.2.0/lib/action_dispatch/middleware/templates/rescues/diagnostics.html.erb within rescues/layout (110.3ms)


Started POST "/domains" for 127.0.0.1 at 2016-02-26 16:17:10 +0200
Processing by DomainsController#create as */*
  Parameters: {"domain"=>{"url"=>"https://www.gcn.ua"}}
  [1m[35m (0.6ms)[0m  begin transaction
  [1m[36mSQL (11.0ms)[0m  [1mINSERT INTO "domains" ("url", "created_at", "updated_at") VALUES (?, ?, ?)[0m  [["url", "https://www.gcn.ua"], ["created_at", "2016-02-26 14:17:16.125378"], ["updated_at", "2016-02-26 14:17:16.125378"]]
  [1m[35m (64.8ms)[0m  commit transaction
Completed 201 Created in 5527ms (Views: 9.2ms | ActiveRecord: 76.3ms)


Started POST "/domains" for 127.0.0.1 at 2016-02-26 17:03:53 +0200
  [1m[36mActiveRecord::SchemaMigration Load (0.5ms)[0m  [1mSELECT "schema_migrations".* FROM "schema_migrations"[0m
Processing by DomainsController#create as */*
  Parameters: {"domain"=>{"url"=>"http://www.gcn.ua"}}
  [1m[35m (0.5ms)[0m  begin transaction
  [1m[36mSQL (1.4ms)[0m  [1mINSERT INTO "domains" ("url", "created_at", "updated_at") VALUES (?, ?, ?)[0m  [["url", "http://www.gcn.ua"], ["created_at", "2016-02-26 15:05:04.270853"], ["updated_at", "2016-02-26 15:05:04.270853"]]
  [1m[35m (77.0ms)[0m  commit transaction
Completed 201 Created in 70608ms (Views: 9.0ms | ActiveRecord: 80.8ms)


Started POST "/domains" for 127.0.0.1 at 2016-02-26 17:05:16 +0200
Processing by DomainsController#create as */*
  Parameters: {"domain"=>{"url"=>"http://www.gdcn.ua"}}
Completed 500 Internal Server Error in 14925ms

SocketError (getaddrinfo: Name or service not known):
  app/controllers/domains_controller.rb:24:in `create'


  Rendered /home/alik/.rvm/gems/ruby-2.2.2/gems/actionpack-4.2.0/lib/action_dispatch/middleware/templates/rescues/_source.erb (76.1ms)
  Rendered /home/alik/.rvm/gems/ruby-2.2.2/gems/actionpack-4.2.0/lib/action_dispatch/middleware/templates/rescues/_trace.html.erb (30.7ms)
  Rendered /home/alik/.rvm/gems/ruby-2.2.2/gems/actionpack-4.2.0/lib/action_dispatch/middleware/templates/rescues/_request_and_response.html.erb (4.0ms)
  Rendered /home/alik/.rvm/gems/ruby-2.2.2/gems/actionpack-4.2.0/lib/action_dispatch/middleware/templates/rescues/diagnostics.html.erb within rescues/layout (145.0ms)


Started POST "/domains" for 127.0.0.1 at 2016-02-26 17:09:00 +0200
Processing by DomainsController#create as */*
  Parameters: {"domain"=>{"url"=>"http://www.gdcn.ua"}}
Completed 422 Unprocessable Entity in 10512ms (Views: 1.2ms | ActiveRecord: 2.8ms)


Started POST "/domains" for 127.0.0.1 at 2016-02-26 17:12:57 +0200
Processing by DomainsController#create as */*
  Parameters: {"domain"=>{"url"=>"http://www.gdcn.ua"}}
Completed 422 Unprocessable Entity in 10406ms (Views: 1.1ms | ActiveRecord: 2.4ms)


Started POST "/domains" for 127.0.0.1 at 2016-02-26 17:13:19 +0200
Processing by DomainsController#create as */*
  Parameters: {"domain"=>{"url"=>"https://www.gdcn.ua"}}
Completed 422 Unprocessable Entity in 9183ms (Views: 1.4ms | ActiveRecord: 0.0ms)


Started POST "/domains" for 127.0.0.1 at 2016-02-26 17:16:01 +0200
Processing by DomainsController#create as */*
  Parameters: {"domain"=>{"url"=>"https://www.gdcn.ua"}}
Completed 500 Internal Server Error in 119255ms

ArgumentError (HTTP request path is empty):
  app/controllers/domains_controller.rb:28:in `create'


  Rendered /home/alik/.rvm/gems/ruby-2.2.2/gems/actionpack-4.2.0/lib/action_dispatch/middleware/templates/rescues/_source.erb (85.1ms)
  Rendered /home/alik/.rvm/gems/ruby-2.2.2/gems/actionpack-4.2.0/lib/action_dispatch/middleware/templates/rescues/_trace.html.erb (23.7ms)
  Rendered /home/alik/.rvm/gems/ruby-2.2.2/gems/actionpack-4.2.0/lib/action_dispatch/middleware/templates/rescues/_request_and_response.html.erb (4.9ms)
  Rendered /home/alik/.rvm/gems/ruby-2.2.2/gems/actionpack-4.2.0/lib/action_dispatch/middleware/templates/rescues/diagnostics.html.erb within rescues/layout (151.2ms)


Started POST "/domains" for 127.0.0.1 at 2016-02-26 17:18:06 +0200
Processing by DomainsController#create as */*
  Parameters: {"domain"=>{"url"=>"https://www.gdcn.ua"}}
Completed 500 Internal Server Error in 27069ms

ArgumentError (HTTP request path is empty):
  app/controllers/domains_controller.rb:29:in `create'


  Rendered /home/alik/.rvm/gems/ruby-2.2.2/gems/actionpack-4.2.0/lib/action_dispatch/middleware/templates/rescues/_source.erb (66.7ms)
  Rendered /home/alik/.rvm/gems/ruby-2.2.2/gems/actionpack-4.2.0/lib/action_dispatch/middleware/templates/rescues/_trace.html.erb (18.5ms)
  Rendered /home/alik/.rvm/gems/ruby-2.2.2/gems/actionpack-4.2.0/lib/action_dispatch/middleware/templates/rescues/_request_and_response.html.erb (3.8ms)
  Rendered /home/alik/.rvm/gems/ruby-2.2.2/gems/actionpack-4.2.0/lib/action_dispatch/middleware/templates/rescues/diagnostics.html.erb within rescues/layout (116.0ms)


Started POST "/domains" for 127.0.0.1 at 2016-02-26 17:19:25 +0200
Processing by DomainsController#create as */*
  Parameters: {"domain"=>{"url"=>"https://www.gdcn.ua"}}
Completed 422 Unprocessable Entity in 20206ms (Views: 1.3ms | ActiveRecord: 2.1ms)


Started POST "/domains" for 127.0.0.1 at 2016-02-26 17:19:54 +0200
Processing by DomainsController#create as */*
  Parameters: {"domain"=>{"url"=>"http://www.gcn.ua"}}
Completed 422 Unprocessable Entity in 14790ms (Views: 1.1ms | ActiveRecord: 0.0ms)


Started POST "/domains" for 127.0.0.1 at 2016-02-26 17:20:14 +0200
Processing by DomainsController#create as */*
  Parameters: {"domain"=>{"url"=>"http://www.gcn.ua"}}
Completed 422 Unprocessable Entity in 5880ms (Views: 1.3ms | ActiveRecord: 0.0ms)


Started POST "/domains" for 127.0.0.1 at 2016-02-26 17:20:22 +0200
Processing by DomainsController#create as */*
  Parameters: {"domain"=>{"url"=>"http://www.gcn.ua"}}
Completed 422 Unprocessable Entity in 23127ms (Views: 0.8ms | ActiveRecord: 0.0ms)


Started POST "/domains" for 127.0.0.1 at 2016-02-26 17:20:49 +0200
Processing by DomainsController#create as */*
  Parameters: {"domain"=>{"url"=>"http://www.gcn.ua"}}
Completed 422 Unprocessable Entity in 47542ms (Views: 3.4ms | ActiveRecord: 2.0ms)


Started POST "/domains" for 127.0.0.1 at 2016-02-26 17:22:00 +0200
Processing by DomainsController#create as */*
  Parameters: {"domain"=>{"url"=>"http://www.gcn.ua"}}
Completed 422 Unprocessable Entity in 217200ms (Views: 1.6ms | ActiveRecord: 2.5ms)


Started POST "/domains" for 127.0.0.1 at 2016-02-26 17:25:46 +0200
Processing by DomainsController#create as */*
  Parameters: {"domain"=>{"url"=>"http://www.gcn.ua"}}
Completed 422 Unprocessable Entity in 56994ms (Views: 1.4ms | ActiveRecord: 2.0ms)


Started POST "/domains" for 127.0.0.1 at 2016-02-26 17:26:47 +0200
Processing by DomainsController#create as */*
  Parameters: {"domain"=>{"url"=>"http://www.gcn.ua"}}
Completed 422 Unprocessable Entity in 92387ms (Views: 1.2ms | ActiveRecord: 2.0ms)


Started POST "/domains" for 127.0.0.1 at 2016-02-26 17:28:23 +0200
Processing by DomainsController#create as */*
  Parameters: {"domain"=>{"url"=>"http://www.gcn.ua"}}
  [1m[36m (0.8ms)[0m  [1mbegin transaction[0m
  [1m[35mSQL (46.3ms)[0m  INSERT INTO "domains" ("url", "created_at", "updated_at") VALUES (?, ?, ?)  [["url", "http://www.gcn.ua"], ["created_at", "2016-02-26 15:30:46.852752"], ["updated_at", "2016-02-26 15:30:46.852752"]]
  [1m[36m (50.0ms)[0m  [1mcommit transaction[0m
Completed 201 Created in 143924ms (Views: 33.4ms | ActiveRecord: 99.0ms)


Started POST "/domains" for 127.0.0.1 at 2016-02-26 17:32:29 +0200
Processing by DomainsController#create as */*
  Parameters: {"domain"=>{"url"=>"http://www.gcn.ua"}}
  [1m[35m (0.3ms)[0m  begin transaction
  [1m[36mSQL (0.8ms)[0m  [1mINSERT INTO "domains" ("url", "created_at", "updated_at") VALUES (?, ?, ?)[0m  [["url", "http://www.gcn.ua"], ["created_at", "2016-02-26 15:32:33.382037"], ["updated_at", "2016-02-26 15:32:33.382037"]]
  [1m[35m (79.3ms)[0m  commit transaction
Completed 500 Internal Server Error in 4164ms

TypeError (class or module required):
  app/controllers/domains_controller.rb:33:in `is_a?'
  app/controllers/domains_controller.rb:33:in `create'


  Rendered /home/alik/.rvm/gems/ruby-2.2.2/gems/actionpack-4.2.0/lib/action_dispatch/middleware/templates/rescues/_source.erb (10.2ms)
  Rendered /home/alik/.rvm/gems/ruby-2.2.2/gems/actionpack-4.2.0/lib/action_dispatch/middleware/templates/rescues/_trace.html.erb (4.8ms)
  Rendered /home/alik/.rvm/gems/ruby-2.2.2/gems/actionpack-4.2.0/lib/action_dispatch/middleware/templates/rescues/_request_and_response.html.erb (2.0ms)
  Rendered /home/alik/.rvm/gems/ruby-2.2.2/gems/actionpack-4.2.0/lib/action_dispatch/middleware/templates/rescues/diagnostics.html.erb within rescues/layout (36.3ms)


Started POST "/domains" for 127.0.0.1 at 2016-02-26 17:32:56 +0200
Processing by DomainsController#create as */*
  Parameters: {"domain"=>{"url"=>"http://www.gcn.ua"}}
  [1m[36m (0.6ms)[0m  [1mbegin transaction[0m
  [1m[35mSQL (0.8ms)[0m  INSERT INTO "domains" ("url", "created_at", "updated_at") VALUES (?, ?, ?)  [["url", "http://www.gcn.ua"], ["created_at", "2016-02-26 15:33:06.465722"], ["updated_at", "2016-02-26 15:33:06.465722"]]
  [1m[36m (50.6ms)[0m  [1mcommit transaction[0m
Completed 500 Internal Server Error in 22961ms

TypeError (class or module required):
  app/controllers/domains_controller.rb:33:in `is_a?'
  app/controllers/domains_controller.rb:33:in `create'


  Rendered /home/alik/.rvm/gems/ruby-2.2.2/gems/actionpack-4.2.0/lib/action_dispatch/middleware/templates/rescues/_source.erb (74.5ms)
  Rendered /home/alik/.rvm/gems/ruby-2.2.2/gems/actionpack-4.2.0/lib/action_dispatch/middleware/templates/rescues/_trace.html.erb (20.5ms)
  Rendered /home/alik/.rvm/gems/ruby-2.2.2/gems/actionpack-4.2.0/lib/action_dispatch/middleware/templates/rescues/_request_and_response.html.erb (4.2ms)
  Rendered /home/alik/.rvm/gems/ruby-2.2.2/gems/actionpack-4.2.0/lib/action_dispatch/middleware/templates/rescues/diagnostics.html.erb within rescues/layout (142.4ms)


Started POST "/domains" for 127.0.0.1 at 2016-02-26 19:05:02 +0200
Processing by DomainsController#create as */*
  Parameters: {"domain"=>{"url"=>"http://www.gcn.ua"}}
  [1m[35m (0.5ms)[0m  begin transaction
  [1m[36mSQL (52.7ms)[0m  [1mINSERT INTO "domains" ("url", "created_at", "updated_at") VALUES (?, ?, ?)[0m  [["url", "http://www.gcn.ua"], ["created_at", "2016-02-26 17:05:38.658387"], ["updated_at", "2016-02-26 17:05:38.658387"]]
  [1m[35m (78.9ms)[0m  commit transaction
Completed 500 Internal Server Error in 25405ms

TypeError (class or module required):
  app/controllers/domains_controller.rb:34:in `is_a?'
  app/controllers/domains_controller.rb:34:in `create'


  Rendered /home/alik/.rvm/gems/ruby-2.2.2/gems/actionpack-4.2.0/lib/action_dispatch/middleware/templates/rescues/_source.erb (341.9ms)
  Rendered /home/alik/.rvm/gems/ruby-2.2.2/gems/actionpack-4.2.0/lib/action_dispatch/middleware/templates/rescues/_trace.html.erb (283.2ms)
  Rendered /home/alik/.rvm/gems/ruby-2.2.2/gems/actionpack-4.2.0/lib/action_dispatch/middleware/templates/rescues/_request_and_response.html.erb (43.8ms)
  Rendered /home/alik/.rvm/gems/ruby-2.2.2/gems/actionpack-4.2.0/lib/action_dispatch/middleware/templates/rescues/diagnostics.html.erb within rescues/layout (1006.8ms)


Started POST "/domains" for 127.0.0.1 at 2016-02-26 19:07:13 +0200

ActionController::RoutingError (undefined method `http_basic_authenticate_with' for DomainsController:Class):
  app/controllers/domains_controller.rb:6:in `<class:DomainsController>'
  app/controllers/domains_controller.rb:1:in `<top (required)>'


  Rendered /home/alik/.rvm/gems/ruby-2.2.2/gems/actionpack-4.2.0/lib/action_dispatch/middleware/templates/rescues/_trace.html.erb (27.2ms)
  Rendered /home/alik/.rvm/gems/ruby-2.2.2/gems/actionpack-4.2.0/lib/action_dispatch/middleware/templates/routes/_route.html.erb (5.3ms)
  Rendered /home/alik/.rvm/gems/ruby-2.2.2/gems/actionpack-4.2.0/lib/action_dispatch/middleware/templates/routes/_table.html.erb (167.0ms)
  Rendered /home/alik/.rvm/gems/ruby-2.2.2/gems/actionpack-4.2.0/lib/action_dispatch/middleware/templates/rescues/_request_and_response.html.erb (5.0ms)
  Rendered /home/alik/.rvm/gems/ruby-2.2.2/gems/actionpack-4.2.0/lib/action_dispatch/middleware/templates/rescues/routing_error.html.erb within rescues/layout (728.2ms)


Started POST "/domains" for 127.0.0.1 at 2016-02-26 19:07:42 +0200

ActionController::RoutingError (undefined method `http_basic_authenticate_with' for DomainsController:Class):
  app/controllers/domains_controller.rb:6:in `<class:DomainsController>'
  app/controllers/domains_controller.rb:1:in `<top (required)>'


  Rendered /home/alik/.rvm/gems/ruby-2.2.2/gems/actionpack-4.2.0/lib/action_dispatch/middleware/templates/rescues/_trace.html.erb (25.3ms)
  Rendered /home/alik/.rvm/gems/ruby-2.2.2/gems/actionpack-4.2.0/lib/action_dispatch/middleware/templates/routes/_route.html.erb (5.4ms)
  Rendered /home/alik/.rvm/gems/ruby-2.2.2/gems/actionpack-4.2.0/lib/action_dispatch/middleware/templates/routes/_table.html.erb (18.1ms)
  Rendered /home/alik/.rvm/gems/ruby-2.2.2/gems/actionpack-4.2.0/lib/action_dispatch/middleware/templates/rescues/_request_and_response.html.erb (5.6ms)
  Rendered /home/alik/.rvm/gems/ruby-2.2.2/gems/actionpack-4.2.0/lib/action_dispatch/middleware/templates/rescues/routing_error.html.erb within rescues/layout (248.3ms)


Started POST "/domains" for 127.0.0.1 at 2016-02-26 19:07:58 +0200
Processing by DomainsController#create as */*
  Parameters: {"domain"=>{"url"=>"http://www.gcn.ua"}}
  [1m[36m (0.8ms)[0m  [1mbegin transaction[0m
  [1m[35mSQL (1.0ms)[0m  INSERT INTO "domains" ("url", "created_at", "updated_at") VALUES (?, ?, ?)  [["url", "http://www.gcn.ua"], ["created_at", "2016-02-26 17:08:20.063113"], ["updated_at", "2016-02-26 17:08:20.063113"]]
  [1m[36m (77.0ms)[0m  [1mcommit transaction[0m
Completed 500 Internal Server Error in 30818ms

TypeError (class or module required):
  app/controllers/domains_controller.rb:35:in `is_a?'
  app/controllers/domains_controller.rb:35:in `create'


  Rendered /home/alik/.rvm/gems/ruby-2.2.2/gems/actionpack-4.2.0/lib/action_dispatch/middleware/templates/rescues/_source.erb (81.3ms)
  Rendered /home/alik/.rvm/gems/ruby-2.2.2/gems/actionpack-4.2.0/lib/action_dispatch/middleware/templates/rescues/_trace.html.erb (18.1ms)
  Rendered /home/alik/.rvm/gems/ruby-2.2.2/gems/actionpack-4.2.0/lib/action_dispatch/middleware/templates/rescues/_request_and_response.html.erb (4.1ms)
  Rendered /home/alik/.rvm/gems/ruby-2.2.2/gems/actionpack-4.2.0/lib/action_dispatch/middleware/templates/rescues/diagnostics.html.erb within rescues/layout (192.5ms)


Started POST "/domains" for 127.0.0.1 at 2016-02-26 19:09:11 +0200
  [1m[36mActiveRecord::SchemaMigration Load (0.7ms)[0m  [1mSELECT "schema_migrations".* FROM "schema_migrations"[0m
Processing by DomainsController#create as */*
  Parameters: {"domain"=>{"url"=>"http://www.gcn.ua"}}
  [1m[35m (0.6ms)[0m  begin transaction
  [1m[36mSQL (0.9ms)[0m  [1mINSERT INTO "domains" ("url", "created_at", "updated_at") VALUES (?, ?, ?)[0m  [["url", "http://www.gcn.ua"], ["created_at", "2016-02-26 17:09:25.292038"], ["updated_at", "2016-02-26 17:09:25.292038"]]
  [1m[35m (125.7ms)[0m  commit transaction
Completed 500 Internal Server Error in 43688ms

TypeError (class or module required):
  app/controllers/domains_controller.rb:35:in `is_a?'
  app/controllers/domains_controller.rb:35:in `create'


  Rendered /home/alik/.rvm/gems/ruby-2.2.2/gems/actionpack-4.2.0/lib/action_dispatch/middleware/templates/rescues/_source.erb (79.6ms)
  Rendered /home/alik/.rvm/gems/ruby-2.2.2/gems/actionpack-4.2.0/lib/action_dispatch/middleware/templates/rescues/_trace.html.erb (23.0ms)
  Rendered /home/alik/.rvm/gems/ruby-2.2.2/gems/actionpack-4.2.0/lib/action_dispatch/middleware/templates/rescues/_request_and_response.html.erb (4.8ms)
  Rendered /home/alik/.rvm/gems/ruby-2.2.2/gems/actionpack-4.2.0/lib/action_dispatch/middleware/templates/rescues/diagnostics.html.erb within rescues/layout (143.9ms)


Started POST "/domains" for 127.0.0.1 at 2016-02-26 19:10:04 +0200
Processing by DomainsController#create as */*
  Parameters: {"domain"=>{"url"=>"http://www.gcn.ua"}}
  [1m[36m (0.5ms)[0m  [1mbegin transaction[0m
  [1m[35mSQL (0.9ms)[0m  INSERT INTO "domains" ("url", "created_at", "updated_at") VALUES (?, ?, ?)  [["url", "http://www.gcn.ua"], ["created_at", "2016-02-26 17:11:36.187195"], ["updated_at", "2016-02-26 17:11:36.187195"]]
  [1m[36m (67.5ms)[0m  [1mcommit transaction[0m
Completed 500 Internal Server Error in 91276ms

TypeError (class or module required):
  app/controllers/domains_controller.rb:35:in `is_a?'
  app/controllers/domains_controller.rb:35:in `create'


  Rendered /home/alik/.rvm/gems/ruby-2.2.2/gems/actionpack-4.2.0/lib/action_dispatch/middleware/templates/rescues/_source.erb (59.2ms)
  Rendered /home/alik/.rvm/gems/ruby-2.2.2/gems/actionpack-4.2.0/lib/action_dispatch/middleware/templates/rescues/_trace.html.erb (17.8ms)
  Rendered /home/alik/.rvm/gems/ruby-2.2.2/gems/actionpack-4.2.0/lib/action_dispatch/middleware/templates/rescues/_request_and_response.html.erb (4.0ms)
  Rendered /home/alik/.rvm/gems/ruby-2.2.2/gems/actionpack-4.2.0/lib/action_dispatch/middleware/templates/rescues/diagnostics.html.erb within rescues/layout (115.3ms)


Started POST "/domains" for 127.0.0.1 at 2016-02-26 19:11:42 +0200
Processing by DomainsController#create as */*
  Parameters: {"domain"=>{"url"=>"http://www.gcn.ua"}}
  [1m[35m (0.6ms)[0m  begin transaction
  [1m[36mSQL (5.0ms)[0m  [1mINSERT INTO "domains" ("url", "created_at", "updated_at") VALUES (?, ?, ?)[0m  [["url", "http://www.gcn.ua"], ["created_at", "2016-02-26 17:11:58.658458"], ["updated_at", "2016-02-26 17:11:58.658458"]]
  [1m[35m (61.4ms)[0m  commit transaction
Completed 422 Unprocessable Entity in 28571ms (Views: 1.4ms | ActiveRecord: 68.8ms)


Started POST "/domains" for 127.0.0.1 at 2016-02-26 19:12:47 +0200
Processing by DomainsController#create as */*
  Parameters: {"domain"=>{"url"=>"http://www.gcn.ua"}}
Completed 422 Unprocessable Entity in 10366ms (Views: 1.3ms | ActiveRecord: 1.9ms)


Started POST "/domains" for 127.0.0.1 at 2016-02-26 19:13:32 +0200
Processing by DomainsController#create as */*
  Parameters: {"domain"=>{"url"=>"http://www.gcn.ua"}}
Completed 422 Unprocessable Entity in 13ms (Views: 0.3ms | ActiveRecord: 1.4ms)


Started POST "/domains" for 127.0.0.1 at 2016-02-26 19:13:40 +0200
Processing by DomainsController#create as */*
  Parameters: {"domain"=>{"url"=>"http://www.gcn.ua"}}
Completed 422 Unprocessable Entity in 2375ms (Views: 1.4ms | ActiveRecord: 0.0ms)


Started POST "/domains" for 127.0.0.1 at 2016-02-26 19:13:53 +0200
Processing by DomainsController#create as */*
  Parameters: {"domain"=>{"url"=>"http://www.gcn.ua"}}
Completed 422 Unprocessable Entity in 2836ms (Views: 1.3ms | ActiveRecord: 1.8ms)


Started POST "/domains" for 127.0.0.1 at 2016-02-26 19:14:11 +0200
Processing by DomainsController#create as */*
  Parameters: {"domain"=>{"url"=>"https://www.gcn.ua"}}
Completed   in 117584ms


Started POST "/domains" for 127.0.0.1 at 2016-02-26 19:18:22 +0200
  [1m[36mActiveRecord::SchemaMigration Load (0.5ms)[0m  [1mSELECT "schema_migrations".* FROM "schema_migrations"[0m
Processing by DomainsController#create as */*
  Parameters: {"domain"=>{"url"=>"https://mail.ru"}}
  [1m[35m (0.6ms)[0m  begin transaction
  [1m[36mSQL (22.1ms)[0m  [1mINSERT INTO "domains" ("url", "created_at", "updated_at") VALUES (?, ?, ?)[0m  [["url", "https://mail.ru"], ["created_at", "2016-02-26 17:18:34.031477"], ["updated_at", "2016-02-26 17:18:34.031477"]]
  [1m[35m (62.8ms)[0m  commit transaction
Completed 201 Created in 14140ms (Views: 8.2ms | ActiveRecord: 87.1ms)


Started POST "/domains" for 127.0.0.1 at 2016-02-26 19:19:11 +0200

ActionController::RoutingError (undefined method `http_basic_authenticate_with' for DomainsController:Class):
  app/controllers/domains_controller.rb:5:in `<class:DomainsController>'
  app/controllers/domains_controller.rb:1:in `<top (required)>'


  Rendered /home/alik/.rvm/gems/ruby-2.2.2/gems/actionpack-4.2.0/lib/action_dispatch/middleware/templates/rescues/_trace.html.erb (4.3ms)
  Rendered /home/alik/.rvm/gems/ruby-2.2.2/gems/actionpack-4.2.0/lib/action_dispatch/middleware/templates/routes/_route.html.erb (2.0ms)
  Rendered /home/alik/.rvm/gems/ruby-2.2.2/gems/actionpack-4.2.0/lib/action_dispatch/middleware/templates/routes/_table.html.erb (34.0ms)
  Rendered /home/alik/.rvm/gems/ruby-2.2.2/gems/actionpack-4.2.0/lib/action_dispatch/middleware/templates/rescues/_request_and_response.html.erb (2.3ms)
  Rendered /home/alik/.rvm/gems/ruby-2.2.2/gems/actionpack-4.2.0/lib/action_dispatch/middleware/templates/rescues/routing_error.html.erb within rescues/layout (98.4ms)


Started GET "/domains" for 127.0.0.1 at 2016-02-26 19:22:16 +0200

ActionController::RoutingError (undefined method `http_basic_authenticate_with' for DomainsController:Class):
  app/controllers/domains_controller.rb:5:in `<class:DomainsController>'
  app/controllers/domains_controller.rb:1:in `<top (required)>'


  Rendered /home/alik/.rvm/gems/ruby-2.2.2/gems/actionpack-4.2.0/lib/action_dispatch/middleware/templates/rescues/_trace.html.erb (15.6ms)
  Rendered /home/alik/.rvm/gems/ruby-2.2.2/gems/actionpack-4.2.0/lib/action_dispatch/middleware/templates/routes/_route.html.erb (5.5ms)
  Rendered /home/alik/.rvm/gems/ruby-2.2.2/gems/actionpack-4.2.0/lib/action_dispatch/middleware/templates/routes/_table.html.erb (5.2ms)
  Rendered /home/alik/.rvm/gems/ruby-2.2.2/gems/actionpack-4.2.0/lib/action_dispatch/middleware/templates/rescues/_request_and_response.html.erb (3.9ms)
  Rendered /home/alik/.rvm/gems/ruby-2.2.2/gems/actionpack-4.2.0/lib/action_dispatch/middleware/templates/rescues/routing_error.html.erb within rescues/layout (101.7ms)


Started GET "/domains" for 127.0.0.1 at 2016-02-26 19:22:46 +0200

ActionController::RoutingError (undefined method `http_basic_authenticate_with' for DomainsController:Class):
  app/controllers/domains_controller.rb:5:in `<class:DomainsController>'
  app/controllers/domains_controller.rb:1:in `<top (required)>'


  Rendered /home/alik/.rvm/gems/ruby-2.2.2/gems/actionpack-4.2.0/lib/action_dispatch/middleware/templates/rescues/_trace.html.erb (15.3ms)
  Rendered /home/alik/.rvm/gems/ruby-2.2.2/gems/actionpack-4.2.0/lib/action_dispatch/middleware/templates/routes/_route.html.erb (5.6ms)
  Rendered /home/alik/.rvm/gems/ruby-2.2.2/gems/actionpack-4.2.0/lib/action_dispatch/middleware/templates/routes/_table.html.erb (5.3ms)
  Rendered /home/alik/.rvm/gems/ruby-2.2.2/gems/actionpack-4.2.0/lib/action_dispatch/middleware/templates/rescues/_request_and_response.html.erb (4.1ms)
  Rendered /home/alik/.rvm/gems/ruby-2.2.2/gems/actionpack-4.2.0/lib/action_dispatch/middleware/templates/rescues/routing_error.html.erb within rescues/layout (99.1ms)


Started GET "/domains" for 127.0.0.1 at 2016-02-26 19:29:22 +0200
Processing by DomainsController#index as */*
  [1m[36mDomain Load (15.9ms)[0m  [1mSELECT "domains".* FROM "domains"[0m
Completed 200 OK in 130ms (Views: 89.9ms | ActiveRecord: 18.1ms)


Started GET "/domains" for 127.0.0.1 at 2016-02-26 19:29:31 +0200
Processing by DomainsController#index as */*
Filter chain halted as #<Proc:0x000000047ef3c0@/home/alik/.rvm/gems/ruby-2.2.2/gems/actionpack-4.2.0/lib/action_controller/metal/http_authentication.rb:71> rendered or redirected
Completed 401 Unauthorized in 2ms (ActiveRecord: 0.0ms)


Started GET "/domains" for 127.0.0.1 at 2016-02-26 19:30:01 +0200
Processing by DomainsController#index as */*
  [1m[35mDomain Load (1.1ms)[0m  SELECT "domains".* FROM "domains"
Completed 200 OK in 47ms (Views: 37.8ms | ActiveRecord: 2.7ms)


Started POST "/domains" for 127.0.0.1 at 2016-02-26 19:30:17 +0200
Processing by DomainsController#create as */*
  Parameters: {"domain"=>{"url"=>"https://mail.ru"}}
Filter chain halted as #<Proc:0x0000000440c230@/home/alik/.rvm/gems/ruby-2.2.2/gems/actionpack-4.2.0/lib/action_controller/metal/http_authentication.rb:71> rendered or redirected
Completed 401 Unauthorized in 2ms (ActiveRecord: 0.0ms)


Started POST "/domains" for 127.0.0.1 at 2016-02-26 19:30:49 +0200
Processing by DomainsController#create as */*
  Parameters: {"domain"=>{"url"=>"https://mail.ru"}}
  [1m[36m (0.6ms)[0m  [1mbegin transaction[0m
  [1m[35mSQL (1.0ms)[0m  INSERT INTO "domains" ("url", "created_at", "updated_at") VALUES (?, ?, ?)  [["url", "https://mail.ru"], ["created_at", "2016-02-26 17:30:54.087049"], ["updated_at", "2016-02-26 17:30:54.087049"]]
  [1m[36m (58.7ms)[0m  [1mcommit transaction[0m
Completed 201 Created in 5160ms (Views: 4.7ms | ActiveRecord: 60.3ms)


Started POST "/domains" for 127.0.0.1 at 2016-02-26 19:31:04 +0200
Processing by DomainsController#create as */*
  Parameters: {"domain"=>{"url"=>"https://mail.ru"}}
Filter chain halted as #<Proc:0x0000000440c230@/home/alik/.rvm/gems/ruby-2.2.2/gems/actionpack-4.2.0/lib/action_controller/metal/http_authentication.rb:71> rendered or redirected
Completed 401 Unauthorized in 2ms (ActiveRecord: 0.0ms)


Started POST "/domains" for 127.0.0.1 at 2016-02-26 19:31:59 +0200
Processing by DomainsController#create as */*
  Parameters: {"domain"=>{"url"=>"https://mail.ru"}}
Filter chain halted as #<Proc:0x000000030b8878@/home/alik/.rvm/gems/ruby-2.2.2/gems/actionpack-4.2.0/lib/action_controller/metal/http_authentication.rb:71> rendered or redirected
Completed 401 Unauthorized in 1ms (ActiveRecord: 0.0ms)


Started POST "/domains" for 127.0.0.1 at 2016-02-26 19:32:13 +0200
Processing by DomainsController#create as */*
  Parameters: {"domain"=>{"url"=>"https://mail.ru"}}
Filter chain halted as #<Proc:0x000000030b8878@/home/alik/.rvm/gems/ruby-2.2.2/gems/actionpack-4.2.0/lib/action_controller/metal/http_authentication.rb:71> rendered or redirected
Completed 401 Unauthorized in 1ms (ActiveRecord: 0.0ms)


Started POST "/domains" for 127.0.0.1 at 2016-02-26 19:32:46 +0200
Processing by DomainsController#create as */*
  Parameters: {"domain"=>{"url"=>"https://mail.ru"}}
Filter chain halted as #<Proc:0x000000030b8878@/home/alik/.rvm/gems/ruby-2.2.2/gems/actionpack-4.2.0/lib/action_controller/metal/http_authentication.rb:71> rendered or redirected
Completed 401 Unauthorized in 1ms (ActiveRecord: 0.0ms)


Started POST "/domains" for 127.0.0.1 at 2016-02-26 19:33:03 +0200
Processing by DomainsController#create as */*
  Parameters: {"domain"=>{"url"=>"https://mail.ru"}}
  [1m[35m (0.2ms)[0m  begin transaction
  [1m[36mSQL (12.0ms)[0m  [1mINSERT INTO "domains" ("url", "created_at", "updated_at") VALUES (?, ?, ?)[0m  [["url", "https://mail.ru"], ["created_at", "2016-02-26 17:33:03.476177"], ["updated_at", "2016-02-26 17:33:03.476177"]]
  [1m[35m (75.4ms)[0m  commit transaction
Completed 201 Created in 411ms (Views: 2.2ms | ActiveRecord: 88.8ms)


Started POST "/domains" for 127.0.0.1 at 2016-02-26 19:33:12 +0200
Processing by DomainsController#create as */*
  Parameters: {"domain"=>{"url"=>"https://mail.ru"}}
  [1m[36m (0.2ms)[0m  [1mbegin transaction[0m
  [1m[35mSQL (0.4ms)[0m  INSERT INTO "domains" ("url", "created_at", "updated_at") VALUES (?, ?, ?)  [["url", "https://mail.ru"], ["created_at", "2016-02-26 17:33:13.216907"], ["updated_at", "2016-02-26 17:33:13.216907"]]
  [1m[36m (61.0ms)[0m  [1mcommit transaction[0m
Completed 201 Created in 401ms (Views: 1.0ms | ActiveRecord: 61.6ms)


Started POST "/domains" for 127.0.0.1 at 2016-02-26 19:37:36 +0200
Processing by DomainsController#create as */*
  Parameters: {"domain"=>{"url"=>"https://skdfh.com/"}}
Completed 422 Unprocessable Entity in 10095ms (Views: 0.3ms | ActiveRecord: 1.6ms)
